<?xml version="1.0" encoding="UTF-8"?>
<!-- Generated by org.testng.reporters.JUnitXMLReporter -->
<testsuite hostname="DESKTOP-KLM8BVD" name="Command line test" tests="3" failures="0" timestamp="18 Feb 2021 15:43:25 GMT" time="10.976" errors="0">
  <testcase name="sumTest" time="2.483" classname="com.tests.CalTest"/>
  <testcase name="subTest" time="2.081" classname="com.tests.CalTest"/>
  <testcase name="divTest" time="2.068" classname="com.tests.CalTest"/>
</testsuite> <!-- Command line test -->
