<?xml version="1.0" encoding="UTF-8"?>
<testng-results skipped="0" failed="0" total="3" passed="3">
  <reporter-output>
  </reporter-output>
  <suite name="com.tests.CalTest" duration-ms="10976" started-at="2021-02-18T15:43:14Z" finished-at="2021-02-18T15:43:25Z">
    <groups>
    </groups>
    <test name="Command line test" duration-ms="10976" started-at="2021-02-18T15:43:14Z" finished-at="2021-02-18T15:43:25Z">
      <class name="com.tests.CalTest">
        <test-method status="PASS" signature="setup()[pri:0, instance:com.tests.CalTest@380fb434]" name="setup" is-config="true" duration-ms="4328" started-at="2021-02-18T21:13:14Z" finished-at="2021-02-18T21:13:19Z">
          <reporter-output>
          </reporter-output>
        </test-method> <!-- setup -->
        <test-method status="PASS" signature="sumTest()[pri:1, instance:com.tests.CalTest@380fb434]" name="sumTest" duration-ms="2483" started-at="2021-02-18T21:13:19Z" finished-at="2021-02-18T21:13:21Z">
          <reporter-output>
          </reporter-output>
        </test-method> <!-- sumTest -->
        <test-method status="PASS" signature="subTest()[pri:2, instance:com.tests.CalTest@380fb434]" name="subTest" duration-ms="2081" started-at="2021-02-18T21:13:21Z" finished-at="2021-02-18T21:13:23Z">
          <reporter-output>
          </reporter-output>
        </test-method> <!-- subTest -->
        <test-method status="PASS" signature="divTest()[pri:3, instance:com.tests.CalTest@380fb434]" name="divTest" duration-ms="2068" started-at="2021-02-18T21:13:23Z" finished-at="2021-02-18T21:13:25Z">
          <reporter-output>
          </reporter-output>
        </test-method> <!-- divTest -->
      </class> <!-- com.tests.CalTest -->
    </test> <!-- Command line test -->
  </suite> <!-- com.tests.CalTest -->
</testng-results>
